生成启动时间为 2016/12/16 10:15:59。
     1>项目“D:\code\mycode\leetcode\leetcode_main\leetcode_main\leetcode_main.vcxproj”在节点 2 上(Build 个目标)。
     1>C:\Program Files (x86)\MSBuild\Microsoft.Cpp\v4.0\V120\Microsoft.CppBuild.targets(355,5): warning MSB8003: Could not find WindowsSDKDir variable from the registry.  TargetFrameworkVersion or PlatformToolset may be set to an invalid version number.
     1>ClCompile:
         D:\Program Files (x86)\Microsoft Visual Studio 12.0\VC\bin\CL.exe /c /ZI /nologo /W3 /WX- /Od /Oy- /D WIN32 /D _DEBUG /D _CONSOLE /D _LIB /D _USING_V110_SDK71_ /D _UNICODE /D UNICODE /Gm /EHsc /RTC1 /MDd /GS /fp:precise /Zc:wchar_t /Zc:forScope /Fo"Debug\\" /Fd"Debug\vc120.pdb" /Gd /TP /analyze- /errorReport:prompt Solution.cpp
         Solution.cpp
     1>d:\code\mycode\leetcode\leetcode_main\leetcode_main\solution.cpp(37): warning C4018: “<”: 有符号/无符号不匹配
     1>d:\code\mycode\leetcode\leetcode_main\leetcode_main\solution.cpp(42): warning C4018: “<”: 有符号/无符号不匹配
     1>d:\code\mycode\leetcode\leetcode_main\leetcode_main\solution.cpp(90): warning C4018: “>”: 有符号/无符号不匹配
     1>d:\code\mycode\leetcode\leetcode_main\leetcode_main\solution.cpp(93): warning C4018: “>”: 有符号/无符号不匹配
     1>d:\code\mycode\leetcode\leetcode_main\leetcode_main\solution.cpp(105): warning C4018: “>”: 有符号/无符号不匹配
     1>d:\code\mycode\leetcode\leetcode_main\leetcode_main\solution.cpp(132): warning C4244: “=”: 从“__int64”转换到“int”，可能丢失数据
     1>d:\code\mycode\leetcode\leetcode_main\leetcode_main\solution.cpp(232): warning C4244: “return”: 从“__int64”转换到“int”，可能丢失数据
     1>d:\code\mycode\leetcode\leetcode_main\leetcode_main\solution.cpp(254): warning C4244: “初始化”: 从“double”转换到“int”，可能丢失数据
     1>d:\code\mycode\leetcode\leetcode_main\leetcode_main\solution.cpp(308): warning C4018: “<”: 有符号/无符号不匹配
       Link:
         D:\Program Files (x86)\Microsoft Visual Studio 12.0\VC\bin\link.exe /ERRORREPORT:PROMPT /OUT:"D:\code\mycode\leetcode\leetcode_main\Debug\leetcode_main.exe" /INCREMENTAL /NOLOGO kernel32.lib user32.lib gdi32.lib winspool.lib comdlg32.lib advapi32.lib shell32.lib ole32.lib oleaut32.lib uuid.lib odbc32.lib odbccp32.lib /MANIFEST /MANIFESTUAC:"level='asInvoker' uiAccess='false'" /manifest:embed /DEBUG /PDB:"D:\code\mycode\leetcode\leetcode_main\Debug\leetcode_main.pdb" /SUBSYSTEM:CONSOLE,"5.01" /TLBID:1 /DYNAMICBASE /NXCOMPAT /IMPLIB:"D:\code\mycode\leetcode\leetcode_main\Debug\leetcode_main.lib" /MACHINE:X86 Debug\intSLLst.obj
         Debug\leetcode_main.obj
         Debug\myprintf.obj
         Debug\Solution.obj
         Debug\stdafx.obj
         Debug\TwoSum.obj
         leetcode_main.vcxproj -> D:\code\mycode\leetcode\leetcode_main\Debug\leetcode_main.exe
     1>已完成生成项目“D:\code\mycode\leetcode\leetcode_main\leetcode_main\leetcode_main.vcxproj”(Build 个目标)的操作。

生成成功。

已用时间 00:00:00.62
